<?xml version="1.0" encoding="UTF-8"?>
<!-- Generated by org.testng.reporters.JUnitXMLReporter -->
<testsuite hostname="DESKTOP-RV3ITU9" ignored="0" name="Free CRM App Test Cases" tests="3" failures="0" timestamp="13 May 2019 07:37:09 GMT" time="71.494" errors="0">
  <testcase name="loginpageTitletest" time="0.017" classname="com.crm.qa.testcases.LoginPageTest"/>
  <testcase name="valid_loginpageTest" time="6.616" classname="com.crm.qa.testcases.LoginPageTest"/>
  <testcase name="valid_loginpageTest" time="9.119" classname="com.crm.qa.testcases.LoginPageTest"/>
</testsuite> <!-- Free CRM App Test Cases -->
