<?xml version="1.0" encoding="UTF-8"?>
<testng-results skipped="0" failed="1" ignored="0" total="5" passed="4">
  <reporter-output>
  </reporter-output>
  <suite name="Default suite" duration-ms="153349" started-at="2019-05-21T07:11:26Z" finished-at="2019-05-21T07:13:59Z">
    <groups>
    </groups>
    <test name="Default test" duration-ms="153349" started-at="2019-05-21T07:11:26Z" finished-at="2019-05-21T07:13:59Z">
      <class name="com.crm.qa.testcases.ContactsPageTest">
        <test-method status="PASS" signature="setup()[pri:0, instance:com.crm.qa.testcases.ContactsPageTest@464bee09]" name="setup" is-config="true" duration-ms="12892" started-at="2019-05-21T07:11:28Z" finished-at="2019-05-21T07:11:40Z">
          <reporter-output>
          </reporter-output>
        </test-method> <!-- setup -->
        <test-method status="PASS" signature="Addcontact(java.lang.String, java.lang.String, java.lang.String, java.lang.String, java.lang.String, java.lang.String, java.lang.String, java.lang.String, java.lang.String, java.lang.String)[pri:0, instance:com.crm.qa.testcases.ContactsPageTest@464bee09]" name="Addcontact" duration-ms="14015" started-at="2019-05-21T07:11:40Z" data-provider="addcontactData" finished-at="2019-05-21T07:11:54Z">
          <params>
            <param index="0">
              <value>
                <![CDATA[Shloka]]>
              </value>
            </param>
            <param index="1">
              <value>
                <![CDATA[pra]]>
              </value>
            </param>
            <param index="2">
              <value>
                <![CDATA[shloka@gmail.com]]>
              </value>
            </param>
            <param index="3">
              <value>
                <![CDATA[22056 barrington way]]>
              </value>
            </param>
            <param index="4">
              <value>
                <![CDATA[Valencia]]>
              </value>
            </param>
            <param index="5">
              <value>
                <![CDATA[CA]]>
              </value>
            </param>
            <param index="6">
              <value>
                <![CDATA[91350]]>
              </value>
            </param>
            <param index="7">
              <value>
                <![CDATA[New]]>
              </value>
            </param>
            <param index="8">
              <value>
                <![CDATA[Lead]]>
              </value>
            </param>
            <param index="9">
              <value>
                <![CDATA[Yes]]>
              </value>
            </param>
          </params>
          <reporter-output>
          </reporter-output>
        </test-method> <!-- Addcontact -->
        <test-method status="PASS" signature="teardown()[pri:0, instance:com.crm.qa.testcases.ContactsPageTest@464bee09]" name="teardown" is-config="true" duration-ms="4898" started-at="2019-05-21T07:11:54Z" finished-at="2019-05-21T07:11:59Z">
          <reporter-output>
          </reporter-output>
        </test-method> <!-- teardown -->
        <test-method status="PASS" signature="setup()[pri:0, instance:com.crm.qa.testcases.ContactsPageTest@464bee09]" name="setup" is-config="true" duration-ms="14292" started-at="2019-05-21T07:11:59Z" finished-at="2019-05-21T07:12:14Z">
          <reporter-output>
          </reporter-output>
        </test-method> <!-- setup -->
        <test-method status="PASS" signature="Addcontact(java.lang.String, java.lang.String, java.lang.String, java.lang.String, java.lang.String, java.lang.String, java.lang.String, java.lang.String, java.lang.String, java.lang.String)[pri:0, instance:com.crm.qa.testcases.ContactsPageTest@464bee09]" name="Addcontact" duration-ms="14014" started-at="2019-05-21T07:12:14Z" data-provider="addcontactData" finished-at="2019-05-21T07:12:28Z">
          <params>
            <param index="0">
              <value>
                <![CDATA[Mahika]]>
              </value>
            </param>
            <param index="1">
              <value>
                <![CDATA[pra]]>
              </value>
            </param>
            <param index="2">
              <value>
                <![CDATA[Mahika@gmail.com]]>
              </value>
            </param>
            <param index="3">
              <value>
                <![CDATA[22026 barrington way]]>
              </value>
            </param>
            <param index="4">
              <value>
                <![CDATA[Valencia]]>
              </value>
            </param>
            <param index="5">
              <value>
                <![CDATA[CA]]>
              </value>
            </param>
            <param index="6">
              <value>
                <![CDATA[91350]]>
              </value>
            </param>
            <param index="7">
              <value>
                <![CDATA[Active]]>
              </value>
            </param>
            <param index="8">
              <value>
                <![CDATA[Customer]]>
              </value>
            </param>
            <param index="9">
              <value>
                <![CDATA[No]]>
              </value>
            </param>
          </params>
          <reporter-output>
          </reporter-output>
        </test-method> <!-- Addcontact -->
        <test-method status="PASS" signature="teardown()[pri:0, instance:com.crm.qa.testcases.ContactsPageTest@464bee09]" name="teardown" is-config="true" duration-ms="4697" started-at="2019-05-21T07:12:28Z" finished-at="2019-05-21T07:12:32Z">
          <reporter-output>
          </reporter-output>
        </test-method> <!-- teardown -->
        <test-method status="PASS" signature="setup()[pri:0, instance:com.crm.qa.testcases.ContactsPageTest@464bee09]" name="setup" is-config="true" duration-ms="14646" started-at="2019-05-21T07:12:32Z" finished-at="2019-05-21T07:12:47Z">
          <reporter-output>
          </reporter-output>
        </test-method> <!-- setup -->
        <test-method status="PASS" signature="Addcontact(java.lang.String, java.lang.String, java.lang.String, java.lang.String, java.lang.String, java.lang.String, java.lang.String, java.lang.String, java.lang.String, java.lang.String)[pri:0, instance:com.crm.qa.testcases.ContactsPageTest@464bee09]" name="Addcontact" duration-ms="14679" started-at="2019-05-21T07:12:47Z" data-provider="addcontactData" finished-at="2019-05-21T07:13:02Z">
          <params>
            <param index="0">
              <value>
                <![CDATA[Shlok]]>
              </value>
            </param>
            <param index="1">
              <value>
                <![CDATA[Prajapati]]>
              </value>
            </param>
            <param index="2">
              <value>
                <![CDATA[Shlok@gmail.com]]>
              </value>
            </param>
            <param index="3">
              <value>
                <![CDATA[22065 wind way]]>
              </value>
            </param>
            <param index="4">
              <value>
                <![CDATA[Santa Clarita]]>
              </value>
            </param>
            <param index="5">
              <value>
                <![CDATA[CA]]>
              </value>
            </param>
            <param index="6">
              <value>
                <![CDATA[91355]]>
              </value>
            </param>
            <param index="7">
              <value>
                <![CDATA[Hot]]>
              </value>
            </param>
            <param index="8">
              <value>
                <![CDATA[Contact]]>
              </value>
            </param>
            <param index="9">
              <value>
                <![CDATA[Yes]]>
              </value>
            </param>
          </params>
          <reporter-output>
          </reporter-output>
        </test-method> <!-- Addcontact -->
        <test-method status="PASS" signature="teardown()[pri:0, instance:com.crm.qa.testcases.ContactsPageTest@464bee09]" name="teardown" is-config="true" duration-ms="3723" started-at="2019-05-21T07:13:02Z" finished-at="2019-05-21T07:13:05Z">
          <reporter-output>
          </reporter-output>
        </test-method> <!-- teardown -->
        <test-method status="PASS" signature="setup()[pri:0, instance:com.crm.qa.testcases.ContactsPageTest@464bee09]" name="setup" is-config="true" duration-ms="11415" started-at="2019-05-21T07:13:05Z" finished-at="2019-05-21T07:13:17Z">
          <reporter-output>
          </reporter-output>
        </test-method> <!-- setup -->
        <test-method status="FAIL" signature="Addcontact(java.lang.String, java.lang.String, java.lang.String, java.lang.String, java.lang.String, java.lang.String, java.lang.String, java.lang.String, java.lang.String, java.lang.String)[pri:0, instance:com.crm.qa.testcases.ContactsPageTest@464bee09]" name="Addcontact" duration-ms="5164" started-at="2019-05-21T07:13:17Z" data-provider="addcontactData" finished-at="2019-05-21T07:13:22Z">
          <params>
            <param index="0">
              <value>
                <![CDATA[Peter]]>
              </value>
            </param>
            <param index="1">
              <value>
                <![CDATA[jOSE]]>
              </value>
            </param>
            <param index="2">
              <value>
                <![CDATA[PjOSE@YAHOO.COM]]>
              </value>
            </param>
            <param index="3">
              <value>
                <![CDATA[20045 Sfwat]]>
              </value>
            </param>
            <param index="4">
              <value>
                <![CDATA[Los Angeles]]>
              </value>
            </param>
            <param index="5">
              <value>
                <![CDATA[CA]]>
              </value>
            </param>
            <param index="6">
              <value>
                <![CDATA[91390]]>
              </value>
            </param>
            <param index="7">
              <value>
                <![CDATA[On Hold]]>
              </value>
            </param>
            <param index="8">
              <value>
                <![CDATA[Lead]]>
              </value>
            </param>
            <param index="9">
              <value>
                <![CDATA[No]]>
              </value>
            </param>
          </params>
          <exception class="org.openqa.selenium.NoSuchElementException">
            <message>
              <![CDATA[Unable to locate element: //span[contains(text(),'Contacts')]
For documentation on this error, please visit: https://www.seleniumhq.org/exceptions/no_such_element.html
Build info: version: '3.141.59', revision: 'e82be7d358', time: '2018-11-14T08:17:03'
System info: host: 'DESKTOP-RV3ITU9', ip: '192.168.1.94', os.name: 'Windows 10', os.arch: 'amd64', os.version: '10.0', java.version: '1.8.0_201'
Driver info: org.openqa.selenium.firefox.FirefoxDriver
Capabilities {acceptInsecureCerts: true, browserName: firefox, browserVersion: 66.0.1, javascriptEnabled: true, moz:accessibilityChecks: false, moz:geckodriverVersion: 0.24.0, moz:headless: false, moz:processID: 10008, moz:profile: C:\Users\Prajapati\AppData\..., moz:shutdownTimeout: 60000, moz:useNonSpecCompliantPointerOrigin: false, moz:webdriverClick: true, pageLoadStrategy: normal, platform: WINDOWS, platformName: WINDOWS, platformVersion: 10.0, rotatable: false, setWindowRect: true, strictFileInteractability: false, timeouts: {implicit: 0, pageLoad: 300000, script: 30000}, unhandledPromptBehavior: dismiss and notify}
Session ID: 0102a2b5-0173-4438-bc8c-7e33f7d3bec1
*** Element info: {Using=xpath, value=//span[contains(text(),'Contacts')]}]]>
            </message>
            <full-stacktrace>
              <![CDATA[org.openqa.selenium.NoSuchElementException: Unable to locate element: //span[contains(text(),'Contacts')]
For documentation on this error, please visit: https://www.seleniumhq.org/exceptions/no_such_element.html
Build info: version: '3.141.59', revision: 'e82be7d358', time: '2018-11-14T08:17:03'
System info: host: 'DESKTOP-RV3ITU9', ip: '192.168.1.94', os.name: 'Windows 10', os.arch: 'amd64', os.version: '10.0', java.version: '1.8.0_201'
Driver info: org.openqa.selenium.firefox.FirefoxDriver
Capabilities {acceptInsecureCerts: true, browserName: firefox, browserVersion: 66.0.1, javascriptEnabled: true, moz:accessibilityChecks: false, moz:geckodriverVersion: 0.24.0, moz:headless: false, moz:processID: 10008, moz:profile: C:\Users\Prajapati\AppData\..., moz:shutdownTimeout: 60000, moz:useNonSpecCompliantPointerOrigin: false, moz:webdriverClick: true, pageLoadStrategy: normal, platform: WINDOWS, platformName: WINDOWS, platformVersion: 10.0, rotatable: false, setWindowRect: true, strictFileInteractability: false, timeouts: {implicit: 0, pageLoad: 300000, script: 30000}, unhandledPromptBehavior: dismiss and notify}
Session ID: 0102a2b5-0173-4438-bc8c-7e33f7d3bec1
*** Element info: {Using=xpath, value=//span[contains(text(),'Contacts')]}
at sun.reflect.NativeConstructorAccessorImpl.newInstance0(Native Method)
at sun.reflect.NativeConstructorAccessorImpl.newInstance(NativeConstructorAccessorImpl.java:62)
at sun.reflect.DelegatingConstructorAccessorImpl.newInstance(DelegatingConstructorAccessorImpl.java:45)
at java.lang.reflect.Constructor.newInstance(Constructor.java:423)
at org.openqa.selenium.remote.http.W3CHttpResponseCodec.createException(W3CHttpResponseCodec.java:187)
at org.openqa.selenium.remote.http.W3CHttpResponseCodec.decode(W3CHttpResponseCodec.java:122)
at org.openqa.selenium.remote.http.W3CHttpResponseCodec.decode(W3CHttpResponseCodec.java:49)
at org.openqa.selenium.remote.HttpCommandExecutor.execute(HttpCommandExecutor.java:158)
at org.openqa.selenium.remote.service.DriverCommandExecutor.execute(DriverCommandExecutor.java:83)
at org.openqa.selenium.remote.RemoteWebDriver.execute(RemoteWebDriver.java:552)
at org.openqa.selenium.remote.RemoteWebDriver.findElement(RemoteWebDriver.java:323)
at org.openqa.selenium.remote.RemoteWebDriver.findElementByXPath(RemoteWebDriver.java:428)
at org.openqa.selenium.By$ByXPath.findElement(By.java:353)
at org.openqa.selenium.remote.RemoteWebDriver.findElement(RemoteWebDriver.java:315)
at sun.reflect.GeneratedMethodAccessor3.invoke(Unknown Source)
at sun.reflect.DelegatingMethodAccessorImpl.invoke(DelegatingMethodAccessorImpl.java:43)
at java.lang.reflect.Method.invoke(Method.java:498)
at org.openqa.selenium.support.events.EventFiringWebDriver.lambda$new$1(EventFiringWebDriver.java:105)
at com.sun.proxy.$Proxy8.findElement(Unknown Source)
at org.openqa.selenium.support.events.EventFiringWebDriver.findElement(EventFiringWebDriver.java:194)
at org.openqa.selenium.support.pagefactory.DefaultElementLocator.findElement(DefaultElementLocator.java:69)
at org.openqa.selenium.support.pagefactory.internal.LocatingElementHandler.invoke(LocatingElementHandler.java:38)
at com.sun.proxy.$Proxy12.click(Unknown Source)
at com.crm.qa.pages.AcctPage.contactslnkclick(AcctPage.java:26)
at com.crm.qa.testcases.ContactsPageTest.Addcontact(ContactsPageTest.java:64)
at sun.reflect.NativeMethodAccessorImpl.invoke0(Native Method)
at sun.reflect.NativeMethodAccessorImpl.invoke(NativeMethodAccessorImpl.java:62)
at sun.reflect.DelegatingMethodAccessorImpl.invoke(DelegatingMethodAccessorImpl.java:43)
at java.lang.reflect.Method.invoke(Method.java:498)
at org.testng.internal.MethodInvocationHelper.invokeMethod(MethodInvocationHelper.java:124)
at org.testng.internal.Invoker.invokeMethod(Invoker.java:583)
at org.testng.internal.Invoker.invokeTestMethod(Invoker.java:719)
at org.testng.internal.Invoker.invokeTestMethods(Invoker.java:989)
at org.testng.internal.TestMethodWorker.invokeTestMethods(TestMethodWorker.java:125)
at org.testng.internal.TestMethodWorker.run(TestMethodWorker.java:109)
at org.testng.TestRunner.privateRun(TestRunner.java:648)
at org.testng.TestRunner.run(TestRunner.java:505)
at org.testng.SuiteRunner.runTest(SuiteRunner.java:455)
at org.testng.SuiteRunner.runSequentially(SuiteRunner.java:450)
at org.testng.SuiteRunner.privateRun(SuiteRunner.java:415)
at org.testng.SuiteRunner.run(SuiteRunner.java:364)
at org.testng.SuiteRunnerWorker.runSuite(SuiteRunnerWorker.java:52)
at org.testng.SuiteRunnerWorker.run(SuiteRunnerWorker.java:84)
at org.testng.TestNG.runSuitesSequentially(TestNG.java:1208)
at org.testng.TestNG.runSuitesLocally(TestNG.java:1137)
at org.testng.TestNG.runSuites(TestNG.java:1049)
at org.testng.TestNG.run(TestNG.java:1017)
at org.testng.remote.AbstractRemoteTestNG.run(AbstractRemoteTestNG.java:115)
at org.testng.remote.RemoteTestNG.initAndRun(RemoteTestNG.java:251)
at org.testng.remote.RemoteTestNG.main(RemoteTestNG.java:77)
]]>
            </full-stacktrace>
          </exception> <!-- org.openqa.selenium.NoSuchElementException -->
          <reporter-output>
          </reporter-output>
        </test-method> <!-- Addcontact -->
        <test-method status="PASS" signature="teardown()[pri:0, instance:com.crm.qa.testcases.ContactsPageTest@464bee09]" name="teardown" is-config="true" duration-ms="4079" started-at="2019-05-21T07:13:22Z" finished-at="2019-05-21T07:13:26Z">
          <reporter-output>
          </reporter-output>
        </test-method> <!-- teardown -->
        <test-method status="PASS" signature="setup()[pri:0, instance:com.crm.qa.testcases.ContactsPageTest@464bee09]" name="setup" is-config="true" duration-ms="14117" started-at="2019-05-21T07:13:26Z" finished-at="2019-05-21T07:13:40Z">
          <reporter-output>
          </reporter-output>
        </test-method> <!-- setup -->
        <test-method status="PASS" signature="Addcontact(java.lang.String, java.lang.String, java.lang.String, java.lang.String, java.lang.String, java.lang.String, java.lang.String, java.lang.String, java.lang.String, java.lang.String)[pri:0, instance:com.crm.qa.testcases.ContactsPageTest@464bee09]" name="Addcontact" duration-ms="15317" started-at="2019-05-21T07:13:40Z" data-provider="addcontactData" finished-at="2019-05-21T07:13:55Z">
          <params>
            <param index="0">
              <value>
                <![CDATA[Sam]]>
              </value>
            </param>
            <param index="1">
              <value>
                <![CDATA[Philly]]>
              </value>
            </param>
            <param index="2">
              <value>
                <![CDATA[samplil@yahoo.co.in]]>
              </value>
            </param>
            <param index="3">
              <value>
                <![CDATA[34456 Wahington Way]]>
              </value>
            </param>
            <param index="4">
              <value>
                <![CDATA[Torranace]]>
              </value>
            </param>
            <param index="5">
              <value>
                <![CDATA[CA]]>
              </value>
            </param>
            <param index="6">
              <value>
                <![CDATA[91340]]>
              </value>
            </param>
            <param index="7">
              <value>
                <![CDATA[Terminated]]>
              </value>
            </param>
            <param index="8">
              <value>
                <![CDATA[Customer]]>
              </value>
            </param>
            <param index="9">
              <value>
                <![CDATA[Yes]]>
              </value>
            </param>
          </params>
          <reporter-output>
          </reporter-output>
        </test-method> <!-- Addcontact -->
        <test-method status="PASS" signature="teardown()[pri:0, instance:com.crm.qa.testcases.ContactsPageTest@464bee09]" name="teardown" is-config="true" duration-ms="3665" started-at="2019-05-21T07:13:55Z" finished-at="2019-05-21T07:13:59Z">
          <reporter-output>
          </reporter-output>
        </test-method> <!-- teardown -->
      </class> <!-- com.crm.qa.testcases.ContactsPageTest -->
    </test> <!-- Default test -->
  </suite> <!-- Default suite -->
</testng-results>
